
   --- Expanded Deck Component Count ---
D's 1
R's 4
V's 1
tot: 6


    --- Expanded Netlist ---
* C:\ASD\Dioder\Exercise\Draft2.asc
v1 n001 0 sine(0 5v 50hz)
d1 ch1 ch2 1n914
r1 ch2 0 10 pwr=2
rg ch1 n001 50
r2 ch2 0 10000000 
r3 ch1 0 10000000 
.model 1n914 d(is=2.52n rs=.568 n=1.752 cjo=4p m=.4 tt=20n iave=200m vpk=75 mfg=onsemi type=silicon)
.tran .1
.end

.OP point found by inspection.

Date: Sun Jan 31 07:48:15 2021
Total elapsed time: 0.111 seconds.

tnom = 27
temp = 27
method = trap
totiter = 2414
traniter = 2414
tranpoints = 1153
accept = 1109
rejected = 44
matrix size = 5
fillins = 0
solver = Normal
Matrix Compiler1:       9 opcodes  0.0/[0.0]/0.0
Matrix Compiler2: 321 bytes object code size  0.0/0.0/[0.0]

